Using pre-set license
Built from '2020.3/staging' branch; Version is '2020.3.35f1 (18e4db7a9996) revision 1631451'; Using compiler version '192528614'; Build Type 'Release'
OS: 'Windows 11  (10.0.22000) 64bit Professional' Language: 'tr' Physical Memory: 16122 MB
BatchMode: 1, IsHumanControllingUs: 0, StartBugReporterOnCrash: 0, Is64bit: 1, IsPro: 0

COMMAND LINE ARGUMENTS:
C:\Program Files\Unity\Hub\Editor\2020.3.35f1\Editor\Unity.exe
-adb2
-batchMode
-noUpm
-name
AssetImportWorker0
-projectPath
C:/Users/Gökçe/Documents/Github2/Weird-Maze/Weird Maze
-logFile
Logs/AssetImportWorker0.log
-srvPort
49983
Successfully changed project path to: C:/Users/Gökçe/Documents/Github2/Weird-Maze/Weird Maze
C:/Users/Gökçe/Documents/Github2/Weird-Maze/Weird Maze
Using Asset Import Pipeline V2.
Refreshing native plugins compatible for Editor in 188.65 ms, found 2 plugins.
Preloading 0 native plugins for Editor in 0.00 ms.
Initialize engine version: 2020.3.35f1 (18e4db7a9996)
[Subsystems] Discovering subsystems at path C:/Program Files/Unity/Hub/Editor/2020.3.35f1/Editor/Data/Resources/UnitySubsystems
[Subsystems] Discovering subsystems at path C:/Users/Gökçe/Documents/Github2/Weird-Maze/Weird Maze/Assets
GfxDevice: creating device client; threaded=0
Direct3D:
    Version:  Direct3D 11.0 [level 11.1]
    Renderer: NVIDIA GeForce RTX 3050 Laptop GPU (ID=0x25a5)
    Vendor:   
    VRAM:     3991 MB
    Driver:   30.0.15.1278
Initialize mono
Mono path[0] = 'C:/Program Files/Unity/Hub/Editor/2020.3.35f1/Editor/Data/Managed'
Mono path[1] = 'C:/Program Files/Unity/Hub/Editor/2020.3.35f1/Editor/Data/MonoBleedingEdge/lib/mono/unityjit'
Mono config path = 'C:/Program Files/Unity/Hub/Editor/2020.3.35f1/Editor/Data/MonoBleedingEdge/etc'
Using monoOptions --debugger-agent=transport=dt_socket,embedding=1,server=y,suspend=n,address=127.0.0.1:56448
Begin MonoManager ReloadAssembly
Registering precompiled unity dll's ...
Register platform support module: C:/Program Files/Unity/Hub/Editor/2020.3.35f1/Editor/Data/PlaybackEngines/WindowsStandaloneSupport/UnityEditor.WindowsStandalone.Extensions.dll
Registered in 0.004332 seconds.
Native extension for WindowsStandalone target not found
Refreshing native plugins compatible for Editor in 143.98 ms, found 2 plugins.
Preloading 0 native plugins for Editor in 0.00 ms.
Mono: successfully reloaded assembly
- Completed reload, in  2.180 seconds
Domain Reload Profiling:
	ReloadAssembly (2181ms)
		BeginReloadAssembly (258ms)
			ExecutionOrderSort (0ms)
			DisableScriptedObjects (0ms)
			BackupInstance (0ms)
			ReleaseScriptingObjects (0ms)
			CreateAndSetChildDomain (6ms)
		EndReloadAssembly (1662ms)
			LoadAssemblies (253ms)
			RebuildTransferFunctionScriptingTraits (1ms)
			SetupTypeCache (524ms)
			ReleaseScriptCaches (0ms)
			RebuildScriptCaches (92ms)
			SetupLoadedEditorAssemblies (691ms)
				LogAssemblyErrors (0ms)
				InitializePlatformSupportModulesInManaged (13ms)
				SetLoadedEditorAssemblies (1ms)
				RefreshPlugins (144ms)
				BeforeProcessingInitializeOnLoad (53ms)
				ProcessInitializeOnLoadAttributes (344ms)
				ProcessInitializeOnLoadMethodAttributes (136ms)
				AfterProcessingInitializeOnLoad (0ms)
				EditorAssembliesLoaded (1ms)
			ExecutionOrderSort2 (0ms)
			AwakeInstancesAfterBackupRestoration (0ms)
Platform modules already initialized, skipping
Registering precompiled user dll's ...
Registered in 0.006976 seconds.
Begin MonoManager ReloadAssembly
Native extension for WindowsStandalone target not found
Refreshing native plugins compatible for Editor in 146.97 ms, found 2 plugins.
Preloading 0 native plugins for Editor in 0.00 ms.
Mono: successfully reloaded assembly
- Completed reload, in  3.653 seconds
Domain Reload Profiling:
	ReloadAssembly (3655ms)
		BeginReloadAssembly (442ms)
			ExecutionOrderSort (0ms)
			DisableScriptedObjects (14ms)
			BackupInstance (0ms)
			ReleaseScriptingObjects (0ms)
			CreateAndSetChildDomain (50ms)
		EndReloadAssembly (3019ms)
			LoadAssemblies (305ms)
			RebuildTransferFunctionScriptingTraits (0ms)
			SetupTypeCache (1022ms)
			ReleaseScriptCaches (1ms)
			RebuildScriptCaches (134ms)
			SetupLoadedEditorAssemblies (1173ms)
				LogAssemblyErrors (0ms)
				InitializePlatformSupportModulesInManaged (10ms)
				SetLoadedEditorAssemblies (1ms)
				RefreshPlugins (147ms)
				BeforeProcessingInitializeOnLoad (233ms)
				ProcessInitializeOnLoadAttributes (724ms)
				ProcessInitializeOnLoadMethodAttributes (45ms)
				AfterProcessingInitializeOnLoad (12ms)
				EditorAssembliesLoaded (1ms)
			ExecutionOrderSort2 (0ms)
			AwakeInstancesAfterBackupRestoration (6ms)
Platform modules already initialized, skipping
========================================================================
Worker process is ready to serve import requests
Launched and connected shader compiler UnityShaderCompiler.exe after 0.17 seconds
Refreshing native plugins compatible for Editor in 1.51 ms, found 2 plugins.
Preloading 0 native plugins for Editor in 0.00 ms.
Unloading 2017 Unused Serialized files (Serialized files now loaded: 0)
System memory in use before: 88.0 MB.
System memory in use after: 88.1 MB.

Unloading 32 unused Assets to reduce memory usage. Loaded Objects now: 2441.
Total: 7.789000 ms (FindLiveObjects: 0.327500 ms CreateObjectMapping: 0.122800 ms MarkObjects: 7.123600 ms  DeleteObjects: 0.211400 ms)

AssetImportParameters requested are different than current active one (requested -> active):
  custom:framework-win-MediaFoundation: 216162199b28c13a410421893ffa2e32 -> 
  custom:video-decoder-ogg-theora: a1e56fd34408186e4bbccfd4996cb3dc -> 
  custom:container-muxer-webm: aa71ff27fc2769a1b78a27578f13a17b -> 
  custom:container-demuxer-webm: 4f35f7cbe854078d1ac9338744f61a02 -> 
  custom:container-demuxer-ogg: 62fdf1f143b41e24485cea50d1cbac27 -> 
  custom:video-encoder-webm-vp8: eb34c28f22e8b96e1ab97ce403110664 -> 
  custom:video-decoder-webm-vp8: 9c59270c3fd7afecdb556c50c9e8de78 -> 
  custom:audio-decoder-ogg-vorbis: bf7c407c2cedff20999df2af8eb42d56 -> 
  custom:audio-encoder-webm-vorbis: bf7c407c2cedff20999df2af8eb42d56 -> 
========================================================================
Received Import Request.
  path: Assets/Art/FBX
  artifactKey: Guid(11a805f0489934f489d57d5c9bc0ce33) Importer(815301076,1909f56bfc062723c751e8b465ee728b)
Start importing Assets/Art/FBX using Guid(11a805f0489934f489d57d5c9bc0ce33) Importer(815301076,1909f56bfc062723c751e8b465ee728b)  -> (artifact id: '283ae4b6e492e119a0d9bb94f8d76e34') in 0.019748 seconds 
========================================================================
Received Import Request.
  Time since last request: 28.375617 seconds.
  path: Assets/Art/plumber_norig@Idle.fbx
  artifactKey: Guid(b9c4a64a822b8ec42b59e642fc575a34) Importer(815301076,1909f56bfc062723c751e8b465ee728b)
Start importing Assets/Art/plumber_norig@Idle.fbx using Guid(b9c4a64a822b8ec42b59e642fc575a34) Importer(815301076,1909f56bfc062723c751e8b465ee728b)  -> (artifact id: 'af442acde3673e7883ba52e0cb492380') in 1.146416 seconds 
========================================================================
Received Import Request.
  Time since last request: 39.684544 seconds.
  path: Assets/Art
  artifactKey: Guid(3cd4a8d6e34c96e4191fdc22c85d2550) Importer(815301076,1909f56bfc062723c751e8b465ee728b)
Start importing Assets/Art using Guid(3cd4a8d6e34c96e4191fdc22c85d2550) Importer(815301076,1909f56bfc062723c751e8b465ee728b)  -> (artifact id: '66a6b97f67a4dee6232782d508d954d0') in 0.020758 seconds 
========================================================================
Received Import Request.
  Time since last request: 16.843967 seconds.
  path: Assets/Art/plumber.controller
  artifactKey: Guid(4a132d9f5250d0e4b8e1c9c9060a42c0) Importer(815301076,1909f56bfc062723c751e8b465ee728b)
Start importing Assets/Art/plumber.controller using Guid(4a132d9f5250d0e4b8e1c9c9060a42c0) Importer(815301076,1909f56bfc062723c751e8b465ee728b)  -> (artifact id: 'bc601b0868325721f525088e323897cd') in 0.032700 seconds 
========================================================================
Received Import Request.
  Time since last request: 19.623370 seconds.
  path: Assets/Art/plumber_norig@Hip Hop Dancing.fbx
  artifactKey: Guid(5caeae610caac1448846c27655708afa) Importer(815301076,1909f56bfc062723c751e8b465ee728b)
Start importing Assets/Art/plumber_norig@Hip Hop Dancing.fbx using Guid(5caeae610caac1448846c27655708afa) Importer(815301076,1909f56bfc062723c751e8b465ee728b)  -> (artifact id: '973e1ee6202fb018ce73710a274118f8') in 0.049384 seconds 
========================================================================
Received Import Request.
  Time since last request: 15.056387 seconds.
  path: Assets/Art/plumber_norig@Idle.fbx
  artifactKey: Guid(b9c4a64a822b8ec42b59e642fc575a34) Importer(815301076,1909f56bfc062723c751e8b465ee728b)
Start importing Assets/Art/plumber_norig@Idle.fbx using Guid(b9c4a64a822b8ec42b59e642fc575a34) Importer(815301076,1909f56bfc062723c751e8b465ee728b)  -> (artifact id: 'e2fae81d54df7e637cd9be26c769841c') in 0.216648 seconds 
========================================================================
Received Import Request.
  Time since last request: 38.121386 seconds.
  path: Assets/Art/plumber_norig@Jumping.fbx
  artifactKey: Guid(fc71287f84d48f24ebcdaaa5ce8310a3) Importer(815301076,1909f56bfc062723c751e8b465ee728b)
Start importing Assets/Art/plumber_norig@Jumping.fbx using Guid(fc71287f84d48f24ebcdaaa5ce8310a3) Importer(815301076,1909f56bfc062723c751e8b465ee728b)  -> (artifact id: '56c449381bae04a0dabd2127adbe714a') in 0.038515 seconds 
========================================================================
Received Import Request.
  Time since last request: 1.549403 seconds.
  path: Assets/Art/plumber_norig@Running.fbx
  artifactKey: Guid(ae33f1d2249f4c3438d0c8a24f6a4232) Importer(815301076,1909f56bfc062723c751e8b465ee728b)
Start importing Assets/Art/plumber_norig@Running.fbx using Guid(ae33f1d2249f4c3438d0c8a24f6a4232) Importer(815301076,1909f56bfc062723c751e8b465ee728b)  -> (artifact id: 'b2030f8940f4750da8781d8b8f9ec1a5') in 0.042142 seconds 
========================================================================
Received Import Request.
  Time since last request: 8.972371 seconds.
  path: Assets/Art/plumber_norig@Running.fbx
  artifactKey: Guid(ae33f1d2249f4c3438d0c8a24f6a4232) Importer(815301076,1909f56bfc062723c751e8b465ee728b)
Start importing Assets/Art/plumber_norig@Running.fbx using Guid(ae33f1d2249f4c3438d0c8a24f6a4232) Importer(815301076,1909f56bfc062723c751e8b465ee728b)  -> (artifact id: '976a51916b20bc311b89979fa625a668') in 0.021381 seconds 
========================================================================
Received Import Request.
  Time since last request: 0.918656 seconds.
  path: Assets/Art/plumber_norig@Sweep Fall.fbx
  artifactKey: Guid(311cac80035387246a61e83285be95db) Importer(815301076,1909f56bfc062723c751e8b465ee728b)
Start importing Assets/Art/plumber_norig@Sweep Fall.fbx using Guid(311cac80035387246a61e83285be95db) Importer(815301076,1909f56bfc062723c751e8b465ee728b)  -> (artifact id: '6260a4731e0e27183199a3acd315b4f4') in 0.032927 seconds 
========================================================================
Received Import Request.
  Time since last request: 0.327590 seconds.
  path: Assets/Art/plumber_norig@Swing Dancing.fbx
  artifactKey: Guid(6b21d41a04d0c4e42a02c111cb312bab) Importer(815301076,1909f56bfc062723c751e8b465ee728b)
Start importing Assets/Art/plumber_norig@Swing Dancing.fbx using Guid(6b21d41a04d0c4e42a02c111cb312bab) Importer(815301076,1909f56bfc062723c751e8b465ee728b)  -> (artifact id: '5537f7fabb16c185888eac1c0cad6d34') in 0.041119 seconds 
========================================================================
Received Import Request.
  Time since last request: 53.873449 seconds.
  path: Assets/Art/plumber_norig@Wave Hip Hop Dance.fbx
  artifactKey: Guid(d536bdc66ba24b94fae659b1d6e17db8) Importer(815301076,1909f56bfc062723c751e8b465ee728b)
Start importing Assets/Art/plumber_norig@Wave Hip Hop Dance.fbx using Guid(d536bdc66ba24b94fae659b1d6e17db8) Importer(815301076,1909f56bfc062723c751e8b465ee728b)  -> (artifact id: '34135fad45d6dd951872eecdc57b29dd') in 0.043339 seconds 
========================================================================
Received Import Request.
  Time since last request: 59.893015 seconds.
  path: Assets/Art/plumber_norig@Jumping.fbx
  artifactKey: Guid(fc71287f84d48f24ebcdaaa5ce8310a3) Importer(815301076,1909f56bfc062723c751e8b465ee728b)
Start importing Assets/Art/plumber_norig@Jumping.fbx using Guid(fc71287f84d48f24ebcdaaa5ce8310a3) Importer(815301076,1909f56bfc062723c751e8b465ee728b)  -> (artifact id: '88c592aed68d6c12b8ecea137f6ed771') in 0.025665 seconds 
========================================================================
Received Import Request.
  Time since last request: 110.950053 seconds.
  path: Assets/Art/plumber_norig.fbx
  artifactKey: Guid(d2830f9cbe5833e4fbd709f49c9e6a4e) Importer(815301076,1909f56bfc062723c751e8b465ee728b)
Start importing Assets/Art/plumber_norig.fbx using Guid(d2830f9cbe5833e4fbd709f49c9e6a4e) Importer(815301076,1909f56bfc062723c751e8b465ee728b)  -> (artifact id: '53e14c73ee4efb4842a6e856ad358e80') in 0.234604 seconds 
========================================================================
Received Import Request.
  Time since last request: 27.599552 seconds.
  path: Assets/Art/plumber_norig.fbx
  artifactKey: Guid(d2830f9cbe5833e4fbd709f49c9e6a4e) Importer(815301076,1909f56bfc062723c751e8b465ee728b)
Start importing Assets/Art/plumber_norig.fbx using Guid(d2830f9cbe5833e4fbd709f49c9e6a4e) Importer(815301076,1909f56bfc062723c751e8b465ee728b)  -> (artifact id: '61f3724efaeff731855de73193fba38f') in 0.239080 seconds 
========================================================================
Received Import Request.
  Time since last request: 10.218313 seconds.
  path: Assets/Art/plumber_norig@Idle.fbx
  artifactKey: Guid(b9c4a64a822b8ec42b59e642fc575a34) Importer(815301076,1909f56bfc062723c751e8b465ee728b)
Start importing Assets/Art/plumber_norig@Idle.fbx using Guid(b9c4a64a822b8ec42b59e642fc575a34) Importer(815301076,1909f56bfc062723c751e8b465ee728b)  -> (artifact id: 'dd5de155baf24ee2811cc96e3bf7285c') in 0.228874 seconds 
========================================================================
Received Import Request.
  Time since last request: 28.439063 seconds.
  path: Assets/Art/plumber_norig@Running.fbx
  artifactKey: Guid(ae33f1d2249f4c3438d0c8a24f6a4232) Importer(815301076,1909f56bfc062723c751e8b465ee728b)
Start importing Assets/Art/plumber_norig@Running.fbx using Guid(ae33f1d2249f4c3438d0c8a24f6a4232) Importer(815301076,1909f56bfc062723c751e8b465ee728b)  -> (artifact id: '11d9077c5ecba51e52830369ebb50c06') in 0.019805 seconds 
========================================================================
Received Import Request.
  Time since last request: 8.842670 seconds.
  path: Assets/Art/plumber_norig@Jumping.fbx
  artifactKey: Guid(fc71287f84d48f24ebcdaaa5ce8310a3) Importer(815301076,1909f56bfc062723c751e8b465ee728b)
Start importing Assets/Art/plumber_norig@Jumping.fbx using Guid(fc71287f84d48f24ebcdaaa5ce8310a3) Importer(815301076,1909f56bfc062723c751e8b465ee728b)  -> (artifact id: 'dfaaef460b7241e389203ffed9156b9b') in 0.028503 seconds 
========================================================================
Received Import Request.
  Time since last request: 47.040391 seconds.
  path: Assets/Art/plumber_norig@Hip Hop Dancing.fbx
  artifactKey: Guid(5caeae610caac1448846c27655708afa) Importer(815301076,1909f56bfc062723c751e8b465ee728b)
Start importing Assets/Art/plumber_norig@Hip Hop Dancing.fbx using Guid(5caeae610caac1448846c27655708afa) Importer(815301076,1909f56bfc062723c751e8b465ee728b)  -> (artifact id: '7464aafe83a14b2f53ddd080d52b402c') in 0.025003 seconds 
========================================================================
Received Import Request.
  Time since last request: 1.603897 seconds.
  path: Assets/Art/plumber_norig@Sweep Fall.fbx
  artifactKey: Guid(311cac80035387246a61e83285be95db) Importer(815301076,1909f56bfc062723c751e8b465ee728b)
Start importing Assets/Art/plumber_norig@Sweep Fall.fbx using Guid(311cac80035387246a61e83285be95db) Importer(815301076,1909f56bfc062723c751e8b465ee728b)  -> (artifact id: '658c63f64513649b3fff2a604be9c034') in 0.020615 seconds 
========================================================================
Received Import Request.
  Time since last request: 0.344129 seconds.
  path: Assets/Art/plumber_norig@Swing Dancing.fbx
  artifactKey: Guid(6b21d41a04d0c4e42a02c111cb312bab) Importer(815301076,1909f56bfc062723c751e8b465ee728b)
Start importing Assets/Art/plumber_norig@Swing Dancing.fbx using Guid(6b21d41a04d0c4e42a02c111cb312bab) Importer(815301076,1909f56bfc062723c751e8b465ee728b)  -> (artifact id: 'e266357254e44d66acc7d6f825b526b3') in 0.026822 seconds 
========================================================================
Received Import Request.
  Time since last request: 0.293160 seconds.
  path: Assets/Art/plumber_norig@Wave Hip Hop Dance.fbx
  artifactKey: Guid(d536bdc66ba24b94fae659b1d6e17db8) Importer(815301076,1909f56bfc062723c751e8b465ee728b)
Start importing Assets/Art/plumber_norig@Wave Hip Hop Dance.fbx using Guid(d536bdc66ba24b94fae659b1d6e17db8) Importer(815301076,1909f56bfc062723c751e8b465ee728b)  -> (artifact id: 'b35477a0adf6ca6cc0022b9a18bb7291') in 0.026236 seconds 
========================================================================
Received Import Request.
  Time since last request: 38.349552 seconds.
  path: Assets/Art/plumber_norig.fbx
  artifactKey: Guid(d2830f9cbe5833e4fbd709f49c9e6a4e) Importer(815301076,1909f56bfc062723c751e8b465ee728b)
Start importing Assets/Art/plumber_norig.fbx using Guid(d2830f9cbe5833e4fbd709f49c9e6a4e) Importer(815301076,1909f56bfc062723c751e8b465ee728b)  -> (artifact id: '1f0c80470f52d5047f55e17f19d1a92f') in 0.203180 seconds 
========================================================================
Received Import Request.
  Time since last request: 37.982809 seconds.
  path: Assets/Art/plumber_norig@Hip Hop Dancing.fbx
  artifactKey: Guid(5caeae610caac1448846c27655708afa) Importer(815301076,1909f56bfc062723c751e8b465ee728b)
Start importing Assets/Art/plumber_norig@Hip Hop Dancing.fbx using Guid(5caeae610caac1448846c27655708afa) Importer(815301076,1909f56bfc062723c751e8b465ee728b)  -> (artifact id: '0093d4f2b052da8152b31b22938994f3') in 0.034588 seconds 
========================================================================
Received Import Request.
  Time since last request: 0.545085 seconds.
  path: Assets/Art/plumber_norig@Running.fbx
  artifactKey: Guid(ae33f1d2249f4c3438d0c8a24f6a4232) Importer(815301076,1909f56bfc062723c751e8b465ee728b)
Start importing Assets/Art/plumber_norig@Running.fbx using Guid(ae33f1d2249f4c3438d0c8a24f6a4232) Importer(815301076,1909f56bfc062723c751e8b465ee728b)  -> (artifact id: '11a29b8fe030d7052265873afa79df24') in 0.019897 seconds 
========================================================================
Received Import Request.
  Time since last request: 5.226499 seconds.
  path: Assets/Art/plumber_norig.fbx
  artifactKey: Guid(d2830f9cbe5833e4fbd709f49c9e6a4e) Importer(815301076,1909f56bfc062723c751e8b465ee728b)
Start importing Assets/Art/plumber_norig.fbx using Guid(d2830f9cbe5833e4fbd709f49c9e6a4e) Importer(815301076,1909f56bfc062723c751e8b465ee728b)  -> (artifact id: '53594448bc47232ebfdc4075453149d0') in 0.240964 seconds 
========================================================================
Received Import Request.
  Time since last request: 5.475011 seconds.
  path: Assets/Art/plumber_norig@Running.fbx
  artifactKey: Guid(ae33f1d2249f4c3438d0c8a24f6a4232) Importer(815301076,1909f56bfc062723c751e8b465ee728b)
Start importing Assets/Art/plumber_norig@Running.fbx using Guid(ae33f1d2249f4c3438d0c8a24f6a4232) Importer(815301076,1909f56bfc062723c751e8b465ee728b)  -> (artifact id: '0fc2ab593574c3f6af13664200026ecf') in 0.020038 seconds 
========================================================================
Received Import Request.
  Time since last request: 30.318775 seconds.
  path: Assets/Art/pLUMBER.controller
  artifactKey: Guid(4a132d9f5250d0e4b8e1c9c9060a42c0) Importer(815301076,1909f56bfc062723c751e8b465ee728b)
Start importing Assets/Art/pLUMBER.controller using Guid(4a132d9f5250d0e4b8e1c9c9060a42c0) Importer(815301076,1909f56bfc062723c751e8b465ee728b)  -> (artifact id: '856a22135bffa13f3e54c3a8ed2cf8e9') in 0.022996 seconds 
========================================================================
Received Import Request.
  Time since last request: 55.525813 seconds.
  path: Assets/Art/plumber_norig@Jumping.fbx
  artifactKey: Guid(fc71287f84d48f24ebcdaaa5ce8310a3) Importer(815301076,1909f56bfc062723c751e8b465ee728b)
Start importing Assets/Art/plumber_norig@Jumping.fbx using Guid(fc71287f84d48f24ebcdaaa5ce8310a3) Importer(815301076,1909f56bfc062723c751e8b465ee728b)  -> (artifact id: '80878baa4d93539276ee71ad204c3a94') in 0.024320 seconds 
========================================================================
Received Import Request.
  Time since last request: 0.351905 seconds.
  path: Assets/Art/plumber_norig@Hip Hop Dancing.fbx
  artifactKey: Guid(5caeae610caac1448846c27655708afa) Importer(815301076,1909f56bfc062723c751e8b465ee728b)
Start importing Assets/Art/plumber_norig@Hip Hop Dancing.fbx using Guid(5caeae610caac1448846c27655708afa) Importer(815301076,1909f56bfc062723c751e8b465ee728b)  -> (artifact id: '985e0450fe993ba9d5efd6795b64ab96') in 0.031702 seconds 
========================================================================
Received Import Request.
  Time since last request: 197.120083 seconds.
  path: Assets/Art/plumber_norig.fbx
  artifactKey: Guid(d2830f9cbe5833e4fbd709f49c9e6a4e) Importer(815301076,1909f56bfc062723c751e8b465ee728b)
Start importing Assets/Art/plumber_norig.fbx using Guid(d2830f9cbe5833e4fbd709f49c9e6a4e) Importer(815301076,1909f56bfc062723c751e8b465ee728b)  -> (artifact id: 'ffe366e3b0f62b773383e05fd782117e') in 0.222510 seconds 
========================================================================
Received Import Request.
  Time since last request: 3.245039 seconds.
  path: Assets/Art/plumber_norig.fbx
  artifactKey: Guid(d2830f9cbe5833e4fbd709f49c9e6a4e) Importer(815301076,1909f56bfc062723c751e8b465ee728b)
Start importing Assets/Art/plumber_norig.fbx using Guid(d2830f9cbe5833e4fbd709f49c9e6a4e) Importer(815301076,1909f56bfc062723c751e8b465ee728b)  -> (artifact id: '037d1a94d93714b1191480b44720738c') in 0.210997 seconds 
========================================================================
Received Import Request.
  Time since last request: 3.830551 seconds.
  path: Assets/Art/plumber_norig.fbx
  artifactKey: Guid(d2830f9cbe5833e4fbd709f49c9e6a4e) Importer(815301076,1909f56bfc062723c751e8b465ee728b)
Start importing Assets/Art/plumber_norig.fbx using Guid(d2830f9cbe5833e4fbd709f49c9e6a4e) Importer(815301076,1909f56bfc062723c751e8b465ee728b)  -> (artifact id: '61017bf6f1c05afc5f144468b220f459') in 0.185864 seconds 
========================================================================
Received Prepare
Registering precompiled user dll's ...
Registered in 0.013555 seconds.
Begin MonoManager ReloadAssembly
Native extension for WindowsStandalone target not found
Refreshing native plugins compatible for Editor in 1.48 ms, found 2 plugins.
Preloading 0 native plugins for Editor in 0.00 ms.
Mono: successfully reloaded assembly
- Completed reload, in  3.502 seconds
Domain Reload Profiling:
	ReloadAssembly (3504ms)
		BeginReloadAssembly (357ms)
			ExecutionOrderSort (0ms)
			DisableScriptedObjects (10ms)
			BackupInstance (0ms)
			ReleaseScriptingObjects (0ms)
			CreateAndSetChildDomain (109ms)
		EndReloadAssembly (2949ms)
			LoadAssemblies (325ms)
			RebuildTransferFunctionScriptingTraits (0ms)
			SetupTypeCache (1099ms)
			ReleaseScriptCaches (2ms)
			RebuildScriptCaches (145ms)
			SetupLoadedEditorAssemblies (1089ms)
				LogAssemblyErrors (0ms)
				InitializePlatformSupportModulesInManaged (11ms)
				SetLoadedEditorAssemblies (1ms)
				RefreshPlugins (2ms)
				BeforeProcessingInitializeOnLoad (250ms)
				ProcessInitializeOnLoadAttributes (768ms)
				ProcessInitializeOnLoadMethodAttributes (41ms)
				AfterProcessingInitializeOnLoad (14ms)
				EditorAssembliesLoaded (1ms)
			ExecutionOrderSort2 (0ms)
			AwakeInstancesAfterBackupRestoration (6ms)
Platform modules already initialized, skipping
Refreshing native plugins compatible for Editor in 2.48 ms, found 2 plugins.
Preloading 0 native plugins for Editor in 0.00 ms.
Unloading 2132 Unused Serialized files (Serialized files now loaded: 0)
System memory in use before: 140.3 MB.
System memory in use after: 115.4 MB.

Unloading 99 unused Assets to reduce memory usage. Loaded Objects now: 2535.
Total: 42.926500 ms (FindLiveObjects: 0.711800 ms CreateObjectMapping: 0.300600 ms MarkObjects: 8.128600 ms  DeleteObjects: 33.783100 ms)

AssetImportParameters requested are different than current active one (requested -> active):
  custom:framework-win-MediaFoundation: 216162199b28c13a410421893ffa2e32 -> 
  custom:video-decoder-ogg-theora: a1e56fd34408186e4bbccfd4996cb3dc -> 
  custom:container-muxer-webm: aa71ff27fc2769a1b78a27578f13a17b -> 
  custom:container-demuxer-webm: 4f35f7cbe854078d1ac9338744f61a02 -> 
  custom:container-demuxer-ogg: 62fdf1f143b41e24485cea50d1cbac27 -> 
  custom:video-encoder-webm-vp8: eb34c28f22e8b96e1ab97ce403110664 -> 
  custom:video-decoder-webm-vp8: 9c59270c3fd7afecdb556c50c9e8de78 -> 
  custom:audio-decoder-ogg-vorbis: bf7c407c2cedff20999df2af8eb42d56 -> 
  custom:audio-encoder-webm-vorbis: bf7c407c2cedff20999df2af8eb42d56 -> 
========================================================================
Received Import Request.
  Time since last request: 509.558576 seconds.
  path: Assets/Art/plumber_norig@Sweep Fall.fbx
  artifactKey: Guid(311cac80035387246a61e83285be95db) Importer(815301076,1909f56bfc062723c751e8b465ee728b)
Start importing Assets/Art/plumber_norig@Sweep Fall.fbx using Guid(311cac80035387246a61e83285be95db) Importer(815301076,1909f56bfc062723c751e8b465ee728b)  -> (artifact id: 'f633716dd14c406a82a8fbcb12ea73e9') in 0.115956 seconds 
========================================================================
Received Import Request.
  Time since last request: 0.537744 seconds.
  path: Assets/Art/Material
  artifactKey: Guid(d62ca103e6624b849b513571ffb08a01) Importer(815301076,1909f56bfc062723c751e8b465ee728b)
Start importing Assets/Art/Material using Guid(d62ca103e6624b849b513571ffb08a01) Importer(815301076,1909f56bfc062723c751e8b465ee728b)  -> (artifact id: '2296cd0d132a96ff97b997418d8e01ac') in 0.021858 seconds 
========================================================================
Received Prepare
Registering precompiled user dll's ...
Registered in 0.005715 seconds.
Begin MonoManager ReloadAssembly
Native extension for WindowsStandalone target not found
Refreshing native plugins compatible for Editor in 1.49 ms, found 2 plugins.
Preloading 0 native plugins for Editor in 0.00 ms.
Mono: successfully reloaded assembly
- Completed reload, in  2.929 seconds
Domain Reload Profiling:
	ReloadAssembly (2930ms)
		BeginReloadAssembly (296ms)
			ExecutionOrderSort (0ms)
			DisableScriptedObjects (13ms)
			BackupInstance (0ms)
			ReleaseScriptingObjects (0ms)
			CreateAndSetChildDomain (88ms)
		EndReloadAssembly (2460ms)
			LoadAssemblies (264ms)
			RebuildTransferFunctionScriptingTraits (0ms)
			SetupTypeCache (817ms)
			ReleaseScriptCaches (2ms)
			RebuildScriptCaches (109ms)
			SetupLoadedEditorAssemblies (1004ms)
				LogAssemblyErrors (0ms)
				InitializePlatformSupportModulesInManaged (10ms)
				SetLoadedEditorAssemblies (1ms)
				RefreshPlugins (2ms)
				BeforeProcessingInitializeOnLoad (218ms)
				ProcessInitializeOnLoadAttributes (718ms)
				ProcessInitializeOnLoadMethodAttributes (42ms)
				AfterProcessingInitializeOnLoad (12ms)
				EditorAssembliesLoaded (1ms)
			ExecutionOrderSort2 (0ms)
			AwakeInstancesAfterBackupRestoration (6ms)
Platform modules already initialized, skipping
Refreshing native plugins compatible for Editor in 2.22 ms, found 2 plugins.
Preloading 0 native plugins for Editor in 0.00 ms.
Unloading 2131 Unused Serialized files (Serialized files now loaded: 0)
System memory in use before: 140.2 MB.
System memory in use after: 115.3 MB.

Unloading 99 unused Assets to reduce memory usage. Loaded Objects now: 2538.
Total: 31.764500 ms (FindLiveObjects: 0.389700 ms CreateObjectMapping: 0.128900 ms MarkObjects: 5.362300 ms  DeleteObjects: 25.881000 ms)

AssetImportParameters requested are different than current active one (requested -> active):
  custom:framework-win-MediaFoundation: 216162199b28c13a410421893ffa2e32 -> 
  custom:video-decoder-ogg-theora: a1e56fd34408186e4bbccfd4996cb3dc -> 
  custom:container-muxer-webm: aa71ff27fc2769a1b78a27578f13a17b -> 
  custom:container-demuxer-webm: 4f35f7cbe854078d1ac9338744f61a02 -> 
  custom:container-demuxer-ogg: 62fdf1f143b41e24485cea50d1cbac27 -> 
  custom:video-encoder-webm-vp8: eb34c28f22e8b96e1ab97ce403110664 -> 
  custom:video-decoder-webm-vp8: 9c59270c3fd7afecdb556c50c9e8de78 -> 
  custom:audio-decoder-ogg-vorbis: bf7c407c2cedff20999df2af8eb42d56 -> 
  custom:audio-encoder-webm-vorbis: bf7c407c2cedff20999df2af8eb42d56 -> 
========================================================================
Received Import Request.
  Time since last request: 342.545583 seconds.
  path: Assets/Art/FBX/Cubeunit.fbx
  artifactKey: Guid(dd1156ce7911d394d9a2bf4ddf1f25d8) Importer(815301076,1909f56bfc062723c751e8b465ee728b)
Start importing Assets/Art/FBX/Cubeunit.fbx using Guid(dd1156ce7911d394d9a2bf4ddf1f25d8) Importer(815301076,1909f56bfc062723c751e8b465ee728b)  -> (artifact id: '106538263c0422610470f4bf2d7864af') in 0.084886 seconds 
========================================================================
Received Import Request.
  Time since last request: 4.521580 seconds.
  path: Assets/Art/FBX/Cubeunit.fbx
  artifactKey: Guid(dd1156ce7911d394d9a2bf4ddf1f25d8) Importer(815301076,1909f56bfc062723c751e8b465ee728b)
Start importing Assets/Art/FBX/Cubeunit.fbx using Guid(dd1156ce7911d394d9a2bf4ddf1f25d8) Importer(815301076,1909f56bfc062723c751e8b465ee728b)  -> (artifact id: 'c3d64f96b15e9f6a16891ab02c944ec8') in 0.022020 seconds 
========================================================================
Received Import Request.
  Time since last request: 15.379352 seconds.
  path: Assets/Art/FBX/Platform.fbx
  artifactKey: Guid(ca8d8b24b0a896a43bf5270d9d83cc81) Importer(815301076,1909f56bfc062723c751e8b465ee728b)
Start importing Assets/Art/FBX/Platform.fbx using Guid(ca8d8b24b0a896a43bf5270d9d83cc81) Importer(815301076,1909f56bfc062723c751e8b465ee728b)  -> (artifact id: 'a283caefc0905862a4023c4592a3a0a8') in 0.018825 seconds 
========================================================================
Received Import Request.
  Time since last request: 184.675086 seconds.
  path: Assets/Art/Gradient.png
  artifactKey: Guid(aca0e4b1142e56d41a25d6ea79fdcaf7) Importer(815301076,1909f56bfc062723c751e8b465ee728b)
Start importing Assets/Art/Gradient.png using Guid(aca0e4b1142e56d41a25d6ea79fdcaf7) Importer(815301076,1909f56bfc062723c751e8b465ee728b)  -> (artifact id: '2ab275d2fb8cfa8b4ef95aa38137a630') in 0.027828 seconds 
========================================================================
Received Import Request.
  Time since last request: 3.133279 seconds.
  path: Assets/Art/Gradient.png
  artifactKey: Guid(aca0e4b1142e56d41a25d6ea79fdcaf7) Importer(815301076,1909f56bfc062723c751e8b465ee728b)
Start importing Assets/Art/Gradient.png using Guid(aca0e4b1142e56d41a25d6ea79fdcaf7) Importer(815301076,1909f56bfc062723c751e8b465ee728b)  -> (artifact id: '608a74f21bda1a117e6c3dd4028eed2d') in 0.023010 seconds 
AssetImportWorkerClient::OnTransportError - code=2 error=End of file
